# JRE version: OpenJDK Runtime Environment (8.0_152-b01) (build 1.8.0_152-release-1248-b01)
# Java VM: OpenJDK 64-Bit Server VM (25.152-b01 mixed mode windows-amd64 compressed oops)
Heap:
 PSYoungGen      total 223744K, used 81358K [0x00000000e0000000, 0x00000000f1580000, 0x0000000100000000)
  eden space 199680K, 40% used [0x00000000e0000000,0x00000000e4f739f8,0x00000000ec300000)
  from space 24064K, 0% used [0x00000000edb80000,0x00000000edb80000,0x00000000ef300000)
  to   space 25088K, 0% used [0x00000000ec300000,0x00000000ec300000,0x00000000edb80000)
 ParOldGen       total 242176K, used 31802K [0x00000000a0000000, 0x00000000aec80000, 0x00000000e0000000)
  object space 242176K, 13% used [0x00000000a0000000,0x00000000a1f0ea70,0x00000000aec80000)
 Metaspace       used 59306K, capacity 60912K, committed 61096K, reserved 1101824K
  class space    used 8105K, capacity 8547K, committed 8624K, reserved 1048576K
GC Heap History (10 events):
Event: 3.646 GC heap before
{Heap before GC invocations=7 (full 2):
 PSYoungGen      total 138240K, used 10735K [0x00000000e0000000, 0x00000000ead00000, 0x0000000100000000)
  eden space 127488K, 0% used [0x00000000e0000000,0x00000000e0000000,0x00000000e7c80000)
  from space 10752K, 99% used [0x00000000e7c80000,0x00000000e86fbcf8,0x00000000e8700000)
  to   space 14336K, 0% used [0x00000000e9f00000,0x00000000e9f00000,0x00000000ead00000)
 ParOldGen       total 109056K, used 12131K [0x00000000a0000000, 0x00000000a6a80000, 0x00000000e0000000)
  object space 109056K, 11% used [0x00000000a0000000,0x00000000a0bd8ca0,0x00000000a6a80000)
 Metaspace       used 34882K, capacity 35392K, committed 35496K, reserved 1079296K
  class space    used 4807K, capacity 5025K, committed 5040K, reserved 1048576K
Event: 3.683 GC heap after
Heap after GC invocations=7 (full 2):
 PSYoungGen      total 138240K, used 0K [0x00000000e0000000, 0x00000000ead00000, 0x0000000100000000)
  eden space 127488K, 0% used [0x00000000e0000000,0x00000000e0000000,0x00000000e7c80000)
  from space 10752K, 0% used [0x00000000e7c80000,0x00000000e7c80000,0x00000000e8700000)
  to   space 14336K, 0% used [0x00000000e9f00000,0x00000000e9f00000,0x00000000ead00000)
 ParOldGen       total 181248K, used 19473K [0x00000000a0000000, 0x00000000ab100000, 0x00000000e0000000)
  object space 181248K, 10% used [0x00000000a0000000,0x00000000a1304510,0x00000000ab100000)
 Metaspace       used 34882K, capacity 35392K, committed 35496K, reserved 1079296K
  class space    used 4807K, capacity 5025K, committed 5040K, reserved 1048576K
}
Event: 4.592 GC heap before
{Heap before GC invocations=8 (full 2):
 PSYoungGen      total 138240K, used 127488K [0x00000000e0000000, 0x00000000ead00000, 0x0000000100000000)
  eden space 127488K, 100% used [0x00000000e0000000,0x00000000e7c80000,0x00000000e7c80000)
  from space 10752K, 0% used [0x00000000e7c80000,0x00000000e7c80000,0x00000000e8700000)
  to   space 14336K, 0% used [0x00000000e9f00000,0x00000000e9f00000,0x00000000ead00000)
 ParOldGen       total 181248K, used 19473K [0x00000000a0000000, 0x00000000ab100000, 0x00000000e0000000)
  object space 181248K, 10% used [0x00000000a0000000,0x00000000a1304510,0x00000000ab100000)
 Metaspace       used 44993K, capacity 45830K, committed 46248K, reserved 1089536K
  class space    used 6166K, capacity 6463K, committed 6576K, reserved 1048576K
Event: 4.602 GC heap after
Heap after GC invocations=8 (full 2):
 PSYoungGen      total 159232K, used 14334K [0x00000000e0000000, 0x00000000ece00000, 0x0000000100000000)
  eden space 144896K, 0% used [0x00000000e0000000,0x00000000e0000000,0x00000000e8d80000)
  from space 14336K, 99% used [0x00000000e9f00000,0x00000000eacffb10,0x00000000ead00000)
  to   space 17920K, 0% used [0x00000000e8d80000,0x00000000e8d80000,0x00000000e9f00000)
 ParOldGen       total 181248K, used 22146K [0x00000000a0000000, 0x00000000ab100000, 0x00000000e0000000)
  object space 181248K, 12% used [0x00000000a0000000,0x00000000a15a0b48,0x00000000ab100000)
 Metaspace       used 44993K, capacity 45830K, committed 46248K, reserved 1089536K
  class space    used 6166K, capacity 6463K, committed 6576K, reserved 1048576K
}
Event: 6.146 GC heap before
{Heap before GC invocations=9 (full 2):
 PSYoungGen      total 159232K, used 159230K [0x00000000e0000000, 0x00000000ece00000, 0x0000000100000000)
  eden space 144896K, 100% used [0x00000000e0000000,0x00000000e8d80000,0x00000000e8d80000)
  from space 14336K, 99% used [0x00000000e9f00000,0x00000000eacffb10,0x00000000ead00000)
  to   space 17920K, 0% used [0x00000000e8d80000,0x00000000e8d80000,0x00000000e9f00000)
 ParOldGen       total 181248K, used 22146K [0x00000000a0000000, 0x00000000ab100000, 0x00000000e0000000)
  object space 181248K, 12% used [0x00000000a0000000,0x00000000a15a0b48,0x00000000ab100000)
 Metaspace       used 56471K, capacity 57936K, committed 58152K, reserved 1099776K
  class space    used 7735K, capacity 8161K, committed 8240K, reserved 1048576K
Event: 6.168 GC heap after
Heap after GC invocations=9 (full 2):
 PSYoungGen      total 162816K, used 17913K [0x00000000e0000000, 0x00000000ef300000, 0x0000000100000000)
  eden space 144896K, 0% used [0x00000000e0000000,0x00000000e0000000,0x00000000e8d80000)
  from space 17920K, 99% used [0x00000000e8d80000,0x00000000e9efe6e8,0x00000000e9f00000)
  to   space 24064K, 0% used [0x00000000edb80000,0x00000000edb80000,0x00000000ef300000)
 ParOldGen       total 181248K, used 29012K [0x00000000a0000000, 0x00000000ab100000, 0x00000000e0000000)
  object space 181248K, 16% used [0x00000000a0000000,0x00000000a1c55198,0x00000000ab100000)
 Metaspace       used 56471K, capacity 57936K, committed 58152K, reserved 1099776K
  class space    used 7735K, capacity 8161K, committed 8240K, reserved 1048576K
}
Event: 6.311 GC heap before
{Heap before GC invocations=10 (full 2):
 PSYoungGen      total 162816K, used 36915K [0x00000000e0000000, 0x00000000ef300000, 0x0000000100000000)
  eden space 144896K, 13% used [0x00000000e0000000,0x00000000e128e910,0x00000000e8d80000)
  from space 17920K, 99% used [0x00000000e8d80000,0x00000000e9efe6e8,0x00000000e9f00000)
  to   space 24064K, 0% used [0x00000000edb80000,0x00000000edb80000,0x00000000ef300000)
 ParOldGen       total 181248K, used 29012K [0x00000000a0000000, 0x00000000ab100000, 0x00000000e0000000)
  object space 181248K, 16% used [0x00000000a0000000,0x00000000a1c55198,0x00000000ab100000)
 Metaspace       used 57569K, capacity 59112K, committed 59160K, reserved 1099776K
  class space    used 7910K, capacity 8367K, committed 8368K, reserved 1048576K
Event: 6.325 GC heap after
Heap after GC invocations=10 (full 2):
 PSYoungGen      total 223744K, used 18445K [0x00000000e0000000, 0x00000000f1580000, 0x0000000100000000)
  eden space 199680K, 0% used [0x00000000e0000000,0x00000000e0000000,0x00000000ec300000)
  from space 24064K, 76% used [0x00000000edb80000,0x00000000eed837b8,0x00000000ef300000)
  to   space 25088K, 0% used [0x00000000ec300000,0x00000000ec300000,0x00000000edb80000)
 ParOldGen       total 181248K, used 29084K [0x00000000a0000000, 0x00000000ab100000, 0x00000000e0000000)
  object space 181248K, 16% used [0x00000000a0000000,0x00000000a1c671a8,0x00000000ab100000)
 Metaspace       used 57569K, capacity 59112K, committed 59160K, reserved 1099776K
  class space    used 7910K, capacity 8367K, committed 8368K, reserved 1048576K
}
Event: 6.325 GC heap before
{Heap before GC invocations=11 (full 3):
 PSYoungGen      total 223744K, used 18445K [0x00000000e0000000, 0x00000000f1580000, 0x0000000100000000)
  eden space 199680K, 0% used [0x00000000e0000000,0x00000000e0000000,0x00000000ec300000)
  from space 24064K, 76% used [0x00000000edb80000,0x00000000eed837b8,0x00000000ef300000)
  to   space 25088K, 0% used [0x00000000ec300000,0x00000000ec300000,0x00000000edb80000)
 ParOldGen       total 181248K, used 29084K [0x00000000a0000000, 0x00000000ab100000, 0x00000000e0000000)
  object space 181248K, 16% used [0x00000000a0000000,0x00000000a1c671a8,0x00000000ab100000)
 Metaspace       used 57569K, capacity 59112K, committed 59160K, reserved 1099776K
  class space    used 7910K, capacity 8367K, committed 8368K, reserved 1048576K
Event: 6.435 GC heap after
Heap after GC invocations=11 (full 3):
 PSYoungGen      total 223744K, used 0K [0x00000000e0000000, 0x00000000f1580000, 0x0000000100000000)
  eden space 199680K, 0% used [0x00000000e0000000,0x00000000e0000000,0x00000000ec300000)
  from space 24064K, 0% used [0x00000000edb80000,0x00000000edb80000,0x00000000ef300000)
  to   space 25088K, 0% used [0x00000000ec300000,0x00000000ec300000,0x00000000edb80000)
 ParOldGen       total 242176K, used 31802K [0x00000000a0000000, 0x00000000aec80000, 0x00000000e0000000)
  object space 242176K, 13% used [0x00000000a0000000,0x00000000a1f0ea70,0x00000000aec80000)
 Metaspace       used 57569K, capacity 59112K, committed 59160K, reserved 1099776K
  class space    used 7910K, capacity 8367K, committed 8368K, reserved 1048576K
}

